# JRE version: OpenJDK Runtime Environment (11.0.10) (build 11.0.10+0-b96-7249189)
# Java VM: OpenJDK 64-Bit Server VM (11.0.10+0-b96-7249189, mixed mode, tiered, compressed oops, g1 gc, windows-amd64)
Heap:
 garbage-first heap   total 893952K, used 203776K [0x0000000080000000, 0x0000000100000000)
  region size 1024K, 2 young (2048K), 2 survivors (2048K)
 Metaspace       used 113659K, capacity 116657K, committed 116736K, reserved 1150976K
  class space    used 14666K, capacity 15813K, committed 15872K, reserved 1048576K
GC Heap History (20 events):
Event: 154.545 GC heap after
{Heap after GC invocations=65 (full 0):
 garbage-first heap   total 165888K, used 151132K [0x0000000080000000, 0x0000000100000000)
  region size 1024K, 1 young (1024K), 1 survivors (1024K)
 Metaspace       used 112623K, capacity 115541K, committed 115840K, reserved 1148928K
  class space    used 14508K, capacity 15625K, committed 15744K, reserved 1048576K
}
Event: 154.856 GC heap before
{Heap before GC invocations=66 (full 0):
 garbage-first heap   total 165888K, used 157276K [0x0000000080000000, 0x0000000100000000)
  region size 1024K, 8 young (8192K), 1 survivors (1024K)
 Metaspace       used 113345K, capacity 116314K, committed 116480K, reserved 1150976K
  class space    used 14668K, capacity 15794K, committed 15872K, reserved 1048576K
}
Event: 154.863 GC heap after
{Heap after GC invocations=67 (full 0):
 garbage-first heap   total 165888K, used 155021K [0x0000000080000000, 0x0000000100000000)
  region size 1024K, 1 young (1024K), 1 survivors (1024K)
 Metaspace       used 113345K, capacity 116314K, committed 116480K, reserved 1150976K
  class space    used 14668K, capacity 15794K, committed 15872K, reserved 1048576K
}
Event: 154.920 GC heap before
{Heap before GC invocations=67 (full 0):
 garbage-first heap   total 165888K, used 162189K [0x0000000080000000, 0x0000000100000000)
  region size 1024K, 8 young (8192K), 1 survivors (1024K)
 Metaspace       used 113383K, capacity 116380K, committed 116480K, reserved 1150976K
  class space    used 14668K, capacity 15794K, committed 15872K, reserved 1048576K
}
Event: 154.982 GC heap after
{Heap after GC invocations=68 (full 0):
 garbage-first heap   total 169984K, used 146272K [0x0000000080000000, 0x0000000100000000)
  region size 1024K, 1 young (1024K), 1 survivors (1024K)
 Metaspace       used 113383K, capacity 116380K, committed 116480K, reserved 1150976K
  class space    used 14668K, capacity 15794K, committed 15872K, reserved 1048576K
}
Event: 155.099 GC heap before
{Heap before GC invocations=68 (full 0):
 garbage-first heap   total 169984K, used 153440K [0x0000000080000000, 0x0000000100000000)
  region size 1024K, 8 young (8192K), 1 survivors (1024K)
 Metaspace       used 113391K, capacity 116380K, committed 116480K, reserved 1150976K
  class space    used 14668K, capacity 15794K, committed 15872K, reserved 1048576K
}
Event: 155.112 GC heap after
{Heap after GC invocations=69 (full 0):
 garbage-first heap   total 169984K, used 150463K [0x0000000080000000, 0x0000000100000000)
  region size 1024K, 1 young (1024K), 1 survivors (1024K)
 Metaspace       used 113391K, capacity 116380K, committed 116480K, reserved 1150976K
  class space    used 14668K, capacity 15794K, committed 15872K, reserved 1048576K
}
Event: 155.163 GC heap before
{Heap before GC invocations=69 (full 0):
 garbage-first heap   total 169984K, used 157631K [0x0000000080000000, 0x0000000100000000)
  region size 1024K, 8 young (8192K), 1 survivors (1024K)
 Metaspace       used 113403K, capacity 116381K, committed 116480K, reserved 1150976K
  class space    used 14668K, capacity 15794K, committed 15872K, reserved 1048576K
}
Event: 155.167 GC heap after
{Heap after GC invocations=70 (full 0):
 garbage-first heap   total 169984K, used 154586K [0x0000000080000000, 0x0000000100000000)
  region size 1024K, 1 young (1024K), 1 survivors (1024K)
 Metaspace       used 113403K, capacity 116381K, committed 116480K, reserved 1150976K
  class space    used 14668K, capacity 15794K, committed 15872K, reserved 1048576K
}
Event: 155.253 GC heap before
{Heap before GC invocations=70 (full 0):
 garbage-first heap   total 169984K, used 161754K [0x0000000080000000, 0x0000000100000000)
  region size 1024K, 8 young (8192K), 1 survivors (1024K)
 Metaspace       used 113418K, capacity 116382K, committed 116480K, reserved 1150976K
  class space    used 14668K, capacity 15794K, committed 15872K, reserved 1048576K
}
Event: 155.263 GC heap after
{Heap after GC invocations=71 (full 0):
 garbage-first heap   total 169984K, used 158720K [0x0000000080000000, 0x0000000100000000)
  region size 1024K, 1 young (1024K), 1 survivors (1024K)
 Metaspace       used 113418K, capacity 116382K, committed 116480K, reserved 1150976K
  class space    used 14668K, capacity 15794K, committed 15872K, reserved 1048576K
}
Event: 155.331 GC heap before
{Heap before GC invocations=71 (full 0):
 garbage-first heap   total 169984K, used 165888K [0x0000000080000000, 0x0000000100000000)
  region size 1024K, 8 young (8192K), 1 survivors (1024K)
 Metaspace       used 113468K, capacity 116446K, committed 116736K, reserved 1150976K
  class space    used 14668K, capacity 15794K, committed 15872K, reserved 1048576K
}
Event: 155.412 GC heap after
{Heap after GC invocations=72 (full 0):
 garbage-first heap   total 297984K, used 162982K [0x0000000080000000, 0x0000000100000000)
  region size 1024K, 1 young (1024K), 1 survivors (1024K)
 Metaspace       used 113468K, capacity 116446K, committed 116736K, reserved 1150976K
  class space    used 14668K, capacity 15794K, committed 15872K, reserved 1048576K
}
Event: 155.670 GC heap before
{Heap before GC invocations=73 (full 0):
 garbage-first heap   total 297984K, used 182438K [0x0000000080000000, 0x0000000100000000)
  region size 1024K, 21 young (21504K), 1 survivors (1024K)
 Metaspace       used 113443K, capacity 116401K, committed 116736K, reserved 1150976K
  class space    used 14660K, capacity 15778K, committed 15872K, reserved 1048576K
}
Event: 155.690 GC heap after
{Heap after GC invocations=74 (full 0):
 garbage-first heap   total 297984K, used 174264K [0x0000000080000000, 0x0000000100000000)
  region size 1024K, 5 young (5120K), 5 survivors (5120K)
 Metaspace       used 113443K, capacity 116401K, committed 116736K, reserved 1150976K
  class space    used 14660K, capacity 15778K, committed 15872K, reserved 1048576K
}
Event: 156.145 GC heap before
{Heap before GC invocations=74 (full 0):
 garbage-first heap   total 297984K, used 211128K [0x0000000080000000, 0x0000000100000000)
  region size 1024K, 38 young (38912K), 5 survivors (5120K)
 Metaspace       used 113585K, capacity 116590K, committed 116736K, reserved 1150976K
  class space    used 14666K, capacity 15813K, committed 15872K, reserved 1048576K
}
Event: 156.176 GC heap after
{Heap after GC invocations=75 (full 0):
 garbage-first heap   total 297984K, used 186673K [0x0000000080000000, 0x0000000100000000)
  region size 1024K, 5 young (5120K), 5 survivors (5120K)
 Metaspace       used 113585K, capacity 116590K, committed 116736K, reserved 1150976K
  class space    used 14666K, capacity 15813K, committed 15872K, reserved 1048576K
}
Event: 156.435 GC heap before
{Heap before GC invocations=76 (full 0):
 garbage-first heap   total 297984K, used 218417K [0x0000000080000000, 0x0000000100000000)
  region size 1024K, 36 young (36864K), 5 survivors (5120K)
 Metaspace       used 113634K, capacity 116655K, committed 116736K, reserved 1150976K
  class space    used 14666K, capacity 15813K, committed 15872K, reserved 1048576K
}
Event: 156.464 GC heap after
{Heap after GC invocations=77 (full 0):
 garbage-first heap   total 297984K, used 198063K [0x0000000080000000, 0x0000000100000000)
  region size 1024K, 5 young (5120K), 5 survivors (5120K)
 Metaspace       used 113634K, capacity 116655K, committed 116736K, reserved 1150976K
  class space    used 14666K, capacity 15813K, committed 15872K, reserved 1048576K
}
Event: 156.549 GC heap before
{Heap before GC invocations=77 (full 0):
 garbage-first heap   total 297984K, used 213423K [0x0000000080000000, 0x0000000100000000)
  region size 1024K, 14 young (14336K), 5 survivors (5120K)
 Metaspace       used 113659K, capacity 116657K, committed 116736K, reserved 1150976K
  class space    used 14666K, capacity 15813K, committed 15872K, reserved 1048576K
}

